###############################################################################
#
# IAR C/C++ Compiler V9.30.1.3056 for 8051                20/Jun/2016  18:28:42
# Copyright 2004-2015 IAR Systems AB.
# Standalone license - IAR Embedded Workbench for 8051
#
#    Core               =  plain
#    Code model         =  banked
#    Data model         =  large
#    Calling convention =  xdata reentrant
#    Constant location  =  data_rom
#    Dptr setup         =  1,16
#                          
#    Source file        =  
#        H:\WRAT\Project\IotProject\Hardware\IoTGateway\Hardware\cc2530\SourceCode\Components\mt\MT_UART.c
#    Command line       =  
#        -f
#        H:\WRAT\Project\IotProject\Hardware\IoTGateway\Hardware\cc2530\SourceCode\Projects\zstack\HomeAutomation\SampleLight\CC2530DB\..\..\..\Tools\CC2530DB\f8wCoord.cfg
#        (-DCPU32MHZ -DROOT=__near_func -DMAC_CFG_APP_PENDING_QUEUE=TRUE
#        -DMAC_CFG_TX_DATA_MAX=5 -DMAC_CFG_TX_MAX=8 -DMAC_CFG_RX_MAX=5
#        -DZDO_COORDINATOR -DRTR_NWK) -f
#        H:\WRAT\Project\IotProject\Hardware\IoTGateway\Hardware\cc2530\SourceCode\Projects\zstack\HomeAutomation\SampleLight\CC2530DB\..\..\..\Tools\CC2530DB\f8wConfig.cfg
#        (-DZIGBEEPRO -DSECURE=1 -DZG_SECURE_DYNAMIC=0 -DREFLECTOR
#        -DDEFAULT_CHANLIST=0x04000000 -DZDAPP_CONFIG_PAN_ID=0xFFFF
#        -DNWK_START_DELAY=100 -DEXTENDED_JOINING_RANDOM_MASK=0x007F
#        -DBEACON_REQUEST_DELAY=100 -DBEACON_REQ_DELAY_MASK=0x00FF
#        -DLINK_STATUS_JITTER_MASK=0x007F -DROUTE_EXPIRY_TIME=30
#        -DAPSC_ACK_WAIT_DURATION_POLLED=3000 -DNWK_INDIRECT_MSG_TIMEOUT=7
#        -DMAX_RREQ_ENTRIES=8 -DAPSC_MAX_FRAME_RETRIES=3
#        -DNWK_MAX_DATA_RETRIES=2 -DMAX_POLL_FAILURE_RETRIES=2 -DMAX_BCAST=9
#        -DAPS_MAX_GROUPS=16 -DMAX_RTG_ENTRIES=40 -DNWK_MAX_BINDING_ENTRIES=4
#        -DMAX_BINDING_CLUSTER_IDS=4 "-DDEFAULT_KEY={0x01, 0x03, 0x05, 0x07,
#        0x09, 0x0B, 0x0D, 0x0F, 0x00, 0x02, 0x04, 0x06, 0x08, 0x0A, 0x0C,
#        0x0D}" -DMAC_MAX_FRAME_SIZE=116 -DZDNWKMGR_MIN_TRANSMISSIONS=20
#        "-DCONST=const __code" -DGENERIC=__generic -DRFD_RCVC_ALWAYS_ON=FALSE
#        -DPOLL_RATE=1000 -DQUEUED_POLL_RATE=100 -DRESPONSE_POLL_RATE=100
#        -DREJOIN_POLL_RATE=440 -DREJOIN_BACKOFF=900000 -DREJOIN_SCAN=900000)
#        -f
#        H:\WRAT\Project\IotProject\Hardware\IoTGateway\Hardware\cc2530\SourceCode\Projects\zstack\HomeAutomation\SampleLight\CC2530DB\..\..\..\Tools\CC2530DB\f8wZCL.cfg
#        H:\WRAT\Project\IotProject\Hardware\IoTGateway\Hardware\cc2530\SourceCode\Components\mt\MT_UART.c
#        -D SECURE=1 -D TC_LINKKEY_JOIN -D NV_INIT -D NV_RESTORE -D
#        xHOLD_AUTO_START -D ZTOOL_P1 -D MT_TASK -D MT_APP_FUNC -D MT_SYS_FUNC
#        -D MT_ZDO_FUNC -D xLCD_SUPPORTED=DEBUG -D MULTICAST_ENABLED=FALSE -D
#        ZCL_READ -D ZCL_WRITE -D ZCL_REPORT -D ZCL_EZMODE -D ZCL_BASIC -D
#        ZCL_IDENTIFY -D ZCL_ON_OFF -D ZCL_SCENES -D ZCL_GROUPS -D
#        xZCL_LEVEL_CTRL -D ZCL_DIAGNOSTIC -D FEATURE_SYSTEM_STATS -lC
#        H:\WRAT\Project\IotProject\Hardware\IoTGateway\Hardware\cc2530\SourceCode\Projects\zstack\HomeAutomation\SampleLight\CC2530DB\CoordinatorEB\List
#        -lA
#        H:\WRAT\Project\IotProject\Hardware\IoTGateway\Hardware\cc2530\SourceCode\Projects\zstack\HomeAutomation\SampleLight\CC2530DB\CoordinatorEB\List
#        --diag_suppress Pe001,Pa010 -o
#        H:\WRAT\Project\IotProject\Hardware\IoTGateway\Hardware\cc2530\SourceCode\Projects\zstack\HomeAutomation\SampleLight\CC2530DB\CoordinatorEB\Obj
#        -e --debug --core=plain --dptr=16,1 --data_model=large
#        --code_model=banked --calling_convention=xdata_reentrant
#        --place_constants=data_rom --nr_virtual_regs 16 -I
#        H:\WRAT\Project\IotProject\Hardware\IoTGateway\Hardware\cc2530\SourceCode\Projects\zstack\HomeAutomation\SampleLight\CC2530DB\
#        -I
#        H:\WRAT\Project\IotProject\Hardware\IoTGateway\Hardware\cc2530\SourceCode\Projects\zstack\HomeAutomation\SampleLight\CC2530DB\..\Source\
#        -I
#        H:\WRAT\Project\IotProject\Hardware\IoTGateway\Hardware\cc2530\SourceCode\Projects\zstack\HomeAutomation\SampleLight\CC2530DB\..\..\Source\
#        -I
#        H:\WRAT\Project\IotProject\Hardware\IoTGateway\Hardware\cc2530\SourceCode\Projects\zstack\HomeAutomation\SampleLight\CC2530DB\..\..\..\ZMain\TI2530DB\
#        -I
#        H:\WRAT\Project\IotProject\Hardware\IoTGateway\Hardware\cc2530\SourceCode\Projects\zstack\HomeAutomation\SampleLight\CC2530DB\..\..\..\..\..\Components\hal\include\
#        -I
#        H:\WRAT\Project\IotProject\Hardware\IoTGateway\Hardware\cc2530\SourceCode\Projects\zstack\HomeAutomation\SampleLight\CC2530DB\..\..\..\..\..\Components\hal\target\CC2530EB\
#        -I
#        H:\WRAT\Project\IotProject\Hardware\IoTGateway\Hardware\cc2530\SourceCode\Projects\zstack\HomeAutomation\SampleLight\CC2530DB\..\..\..\..\..\Components\mac\include\
#        -I
#        H:\WRAT\Project\IotProject\Hardware\IoTGateway\Hardware\cc2530\SourceCode\Projects\zstack\HomeAutomation\SampleLight\CC2530DB\..\..\..\..\..\Components\mac\high_level\
#        -I
#        H:\WRAT\Project\IotProject\Hardware\IoTGateway\Hardware\cc2530\SourceCode\Projects\zstack\HomeAutomation\SampleLight\CC2530DB\..\..\..\..\..\Components\mac\low_level\srf04\
#        -I
#        H:\WRAT\Project\IotProject\Hardware\IoTGateway\Hardware\cc2530\SourceCode\Projects\zstack\HomeAutomation\SampleLight\CC2530DB\..\..\..\..\..\Components\mac\low_level\srf04\single_chip\
#        -I
#        H:\WRAT\Project\IotProject\Hardware\IoTGateway\Hardware\cc2530\SourceCode\Projects\zstack\HomeAutomation\SampleLight\CC2530DB\..\..\..\..\..\Components\mt\
#        -I
#        H:\WRAT\Project\IotProject\Hardware\IoTGateway\Hardware\cc2530\SourceCode\Projects\zstack\HomeAutomation\SampleLight\CC2530DB\..\..\..\..\..\Components\osal\include\
#        -I
#        H:\WRAT\Project\IotProject\Hardware\IoTGateway\Hardware\cc2530\SourceCode\Projects\zstack\HomeAutomation\SampleLight\CC2530DB\..\..\..\..\..\Components\services\saddr\
#        -I
#        H:\WRAT\Project\IotProject\Hardware\IoTGateway\Hardware\cc2530\SourceCode\Projects\zstack\HomeAutomation\SampleLight\CC2530DB\..\..\..\..\..\Components\services\sdata\
#        -I
#        H:\WRAT\Project\IotProject\Hardware\IoTGateway\Hardware\cc2530\SourceCode\Projects\zstack\HomeAutomation\SampleLight\CC2530DB\..\..\..\..\..\Components\stack\af\
#        -I
#        H:\WRAT\Project\IotProject\Hardware\IoTGateway\Hardware\cc2530\SourceCode\Projects\zstack\HomeAutomation\SampleLight\CC2530DB\..\..\..\..\..\Components\stack\nwk\
#        -I
#        H:\WRAT\Project\IotProject\Hardware\IoTGateway\Hardware\cc2530\SourceCode\Projects\zstack\HomeAutomation\SampleLight\CC2530DB\..\..\..\..\..\Components\stack\sapi\
#        -I
#        H:\WRAT\Project\IotProject\Hardware\IoTGateway\Hardware\cc2530\SourceCode\Projects\zstack\HomeAutomation\SampleLight\CC2530DB\..\..\..\..\..\Components\stack\sec\
#        -I
#        H:\WRAT\Project\IotProject\Hardware\IoTGateway\Hardware\cc2530\SourceCode\Projects\zstack\HomeAutomation\SampleLight\CC2530DB\..\..\..\..\..\Components\stack\sys\
#        -I
#        H:\WRAT\Project\IotProject\Hardware\IoTGateway\Hardware\cc2530\SourceCode\Projects\zstack\HomeAutomation\SampleLight\CC2530DB\..\..\..\..\..\Components\stack\zcl\
#        -I
#        H:\WRAT\Project\IotProject\Hardware\IoTGateway\Hardware\cc2530\SourceCode\Projects\zstack\HomeAutomation\SampleLight\CC2530DB\..\..\..\..\..\Components\stack\zdo\
#        -I
#        H:\WRAT\Project\IotProject\Hardware\IoTGateway\Hardware\cc2530\SourceCode\Projects\zstack\HomeAutomation\SampleLight\CC2530DB\..\..\..\..\..\Components\zmac\
#        -I
#        H:\WRAT\Project\IotProject\Hardware\IoTGateway\Hardware\cc2530\SourceCode\Projects\zstack\HomeAutomation\SampleLight\CC2530DB\..\..\..\..\..\Components\zmac\f8w\
#        -Ohz --require_prototypes
#    List file          =  
#        H:\WRAT\Project\IotProject\Hardware\IoTGateway\Hardware\cc2530\SourceCode\Projects\zstack\HomeAutomation\SampleLight\CC2530DB\CoordinatorEB\List\MT_UART.lst
#    Object file        =  
#        H:\WRAT\Project\IotProject\Hardware\IoTGateway\Hardware\cc2530\SourceCode\Projects\zstack\HomeAutomation\SampleLight\CC2530DB\CoordinatorEB\Obj\MT_UART.r51
#
###############################################################################

H:\WRAT\Project\IotProject\Hardware\IoTGateway\Hardware\cc2530\SourceCode\Components\mt\MT_UART.c
      1          /***************************************************************************************************
      2            Filename:       MT_UART.c
      3            Revised:        $Date: 2009-03-12 16:25:22 -0700 (Thu, 12 Mar 2009) $
      4            Revision:       $Revision: 19404 $
      5          
      6            Description:  This module handles anything dealing with the serial port.
      7          
      8            Copyright 2007 Texas Instruments Incorporated. All rights reserved.
      9          
     10            IMPORTANT: Your use of this Software is limited to those specific rights
     11            granted under the terms of a software license agreement between the user
     12            who downloaded the software, his/her employer (which must be your employer)
     13            and Texas Instruments Incorporated (the "License").  You may not use this
     14            Software unless you agree to abide by the terms of the License. The License
     15            limits your use, and you acknowledge, that the Software may not be modified,
     16            copied or distributed unless embedded on a Texas Instruments microcontroller
     17            or used solely and exclusively in conjunction with a Texas Instruments radio
     18            frequency transceiver, which is integrated into your product.  Other than for
     19            the foregoing purpose, you may not use, reproduce, copy, prepare derivative
     20            works of, modify, distribute, perform, display or sell this Software and/or
     21            its documentation for any purpose.
     22          
     23            YOU FURTHER ACKNOWLEDGE AND AGREE THAT THE SOFTWARE AND DOCUMENTATION ARE
     24            PROVIDED “AS IS” WITHOUT WARRANTY OF ANY KIND, EITHER EXPRESS OR IMPLIED,
     25            INCLUDING WITHOUT LIMITATION, ANY WARRANTY OF MERCHANTABILITY, TITLE,
     26            NON-INFRINGEMENT AND FITNESS FOR A PARTICULAR PURPOSE. IN NO EVENT SHALL
     27            TEXAS INSTRUMENTS OR ITS LICENSORS BE LIABLE OR OBLIGATED UNDER CONTRACT,
     28            NEGLIGENCE, STRICT LIABILITY, CONTRIBUTION, BREACH OF WARRANTY, OR OTHER
     29            LEGAL EQUITABLE THEORY ANY DIRECT OR INDIRECT DAMAGES OR EXPENSES
     30            INCLUDING BUT NOT LIMITED TO ANY INCIDENTAL, SPECIAL, INDIRECT, PUNITIVE
     31            OR CONSEQUENTIAL DAMAGES, LOST PROFITS OR LOST DATA, COST OF PROCUREMENT
     32            OF SUBSTITUTE GOODS, TECHNOLOGY, SERVICES, OR ANY CLAIMS BY THIRD PARTIES
     33            (INCLUDING BUT NOT LIMITED TO ANY DEFENSE THEREOF), OR OTHER SIMILAR COSTS.
     34          
     35            Should you have any questions regarding your right to use this Software,
     36            contact Texas Instruments Incorporated at www.TI.com.
     37          
     38          ***************************************************************************************************/
     39          
     40          /***************************************************************************************************
     41           * INCLUDES
     42           ***************************************************************************************************/
     43          #include "ZComDef.h"
     44          #include "OSAL.h"
     45          #include "hal_uart.h"
     46          #include "MT.h"
     47          #include "MT_UART.h"
     48          #include "OSAL_Memory.h"
     49          
     50          #include "string.h"
     51          #include "DebugTrace.h"
     52          #include "ZDProfile.h"
     53          #include "stdlib.h"
     54          #include "stdio.h"
     55          
     56          
     57          /***************************************************************************************************
     58           * MACROS
     59           ***************************************************************************************************/
     60          
     61          /***************************************************************************************************
     62           * CONSTANTS
     63           ***************************************************************************************************/
     64          /* State values for ZTool protocal */
     65          #define SOP_STATE      0x00
     66          #define CMD_STATE1     0x01
     67          #define CMD_STATE2     0x02
     68          #define LEN_STATE      0x03
     69          #define DATA_STATE     0x04
     70          #define FCS_STATE      0x05
     71          
     72          #define PROCESS_GW_UART_SUCESSS "CMDSUCCESS"
     73          #define PROCESS_GW_UART_WRONGTYPE "CMDWRONGTYPE"
     74          
     75          /***************************************************************************************************
     76           *                                         GLOBAL VARIABLES
     77           ***************************************************************************************************/
     78          /* Used to indentify the application ID for osal task */

   \                                 In  segment XDATA_Z, align 1, keep-with-next
     79          byte App_TaskID;
   \                     App_TaskID:
   \   000000                DS 1
   \   000001                REQUIRE __INIT_XDATA_Z
     80          
     81          /* ZTool protocal parameters */

   \                                 In  segment XDATA_Z, align 1, keep-with-next
     82          uint8 state;
   \                     state:
   \   000000                DS 1
   \   000001                REQUIRE __INIT_XDATA_Z

   \                                 In  segment XDATA_Z, align 1, keep-with-next
     83          uint8  CMD_Token[2];
   \                     CMD_Token:
   \   000000                DS 2
   \   000002                REQUIRE __INIT_XDATA_Z

   \                                 In  segment XDATA_Z, align 1, keep-with-next
     84          uint8  LEN_Token;
   \                     LEN_Token:
   \   000000                DS 1
   \   000001                REQUIRE __INIT_XDATA_Z

   \                                 In  segment XDATA_Z, align 1, keep-with-next
     85          uint8  FSC_Token;
   \                     FSC_Token:
   \   000000                DS 1
   \   000001                REQUIRE __INIT_XDATA_Z

   \                                 In  segment XDATA_Z, align 1, keep-with-next
     86          mtOSALSerialData_t  *pMsg;
   \                     pMsg:
   \   000000                DS 2
   \   000002                REQUIRE __INIT_XDATA_Z

   \                                 In  segment XDATA_Z, align 1, keep-with-next
     87          uint8  tempDataLen;
   \                     tempDataLen:
   \   000000                DS 1
   \   000001                REQUIRE __INIT_XDATA_Z
     88          

   \                                 In  segment XDATA_Z, align 1, keep-with-next
     89          char * args[10];
   \                     args:
   \   000000                DS 20
   \   000014                REQUIRE __INIT_XDATA_Z
     90          
     91          #if defined (ZAPP_P1) || defined (ZAPP_P2)
     92          uint16  MT_UartMaxZAppBufLen;
     93          bool    MT_UartZAppRxStatus;
     94          #endif
     95          
     96          
     97          //void cicmdOnOff(uint16 destAddr,,char * name,char * strCommand,char * addrType);
     98          
     99          /***************************************************************************************************
    100           *                                          LOCAL FUNCTIONS
    101           ***************************************************************************************************/
    102          
    103          /***************************************************************************************************
    104           * @fn      MT_UartInit
    105           *
    106           * @brief   Initialize MT with UART support
    107           *
    108           * @param   None
    109           *
    110           * @return  None
    111          ***************************************************************************************************/

   \                                 In  segment BANKED_CODE, align 1, keep-with-next
    112          void MT_UartInit ()
   \                     MT_UartInit:
    113          {
   \   000000   C082         PUSH    DPL
   \   000002   C083         PUSH    DPH
   \   000004                ; Saved register size: 2
   \   000004                ; Auto size: 29
   \   000004   74E3         MOV     A,#-0x1d
   \   000006   12....       LCALL   ?ALLOC_XSTACK8
    114            halUARTCfg_t uartConfig;
    115          
    116            /* Initialize APP ID */
    117            App_TaskID = 0;
   \   000009   90....       MOV     DPTR,#App_TaskID
   \   00000C   E4           CLR     A
   \   00000D   F0           MOVX    @DPTR,A
    118          
    119            /* UART Configuration */
    120            uartConfig.configured           = TRUE;
   \   00000E   85..82       MOV     DPL,?XSP + 0
   \   000011   85..83       MOV     DPH,?XSP + 1
   \   000014   04           INC     A
   \   000015   F0           MOVX    @DPTR,A
    121            //uartConfig.baudRate             = MT_UART_DEFAULT_BAUDRATE;
    122            uartConfig.baudRate             = HAL_UART_BR_115200;
   \   000016   12....       LCALL   ?XSTACK_DISP0_8
   \   000019   7404         MOV     A,#0x4
   \   00001B   F0           MOVX    @DPTR,A
    123            uartConfig.flowControl          = FALSE;
   \   00001C   7402         MOV     A,#0x2
   \   00001E   12....       LCALL   ?XSTACK_DISP0_8
   \   000021   E4           CLR     A
   \   000022   F0           MOVX    @DPTR,A
    124            uartConfig.flowControlThreshold = 0;
   \   000023   7403         MOV     A,#0x3
   \   000025   12....       LCALL   ?XSTACK_DISP0_8
   \   000028   E4           CLR     A
   \   000029   F0           MOVX    @DPTR,A
   \   00002A   A3           INC     DPTR
   \   00002B   F0           MOVX    @DPTR,A
    125            uartConfig.rx.maxBufSize        = MT_UART_DEFAULT_MAX_RX_BUFF;
   \   00002C   740A         MOV     A,#0xa
   \   00002E   12....       LCALL   ?XSTACK_DISP0_8
   \   000031   7480         MOV     A,#-0x80
   \   000033   F0           MOVX    @DPTR,A
   \   000034   A3           INC     DPTR
   \   000035   E4           CLR     A
   \   000036   F0           MOVX    @DPTR,A
    126            uartConfig.tx.maxBufSize        = MT_UART_DEFAULT_MAX_TX_BUFF;
   \   000037   7412         MOV     A,#0x12
   \   000039   12....       LCALL   ?XSTACK_DISP0_8
   \   00003C   7480         MOV     A,#-0x80
   \   00003E   F0           MOVX    @DPTR,A
   \   00003F   A3           INC     DPTR
   \   000040   E4           CLR     A
   \   000041   F0           MOVX    @DPTR,A
    127            uartConfig.idleTimeout          = MT_UART_DEFAULT_IDLE_TIMEOUT;
   \   000042   7405         MOV     A,#0x5
   \   000044   12....       LCALL   ?XSTACK_DISP0_8
   \   000047   7406         MOV     A,#0x6
   \   000049   F0           MOVX    @DPTR,A
    128            uartConfig.intEnable            = TRUE;
   \   00004A   7416         MOV     A,#0x16
   \   00004C   12....       LCALL   ?XSTACK_DISP0_8
   \   00004F   7401         MOV     A,#0x1
   \   000051   F0           MOVX    @DPTR,A
    129            /*
    130          #if defined (ZTOOL_P1) || defined (ZTOOL_P2)
    131            uartConfig.callBackFunc         = MT_UartProcessZToolData;
    132          #elif defined (ZAPP_P1) || defined (ZAPP_P2)
    133            uartConfig.callBackFunc         = MT_UartProcessZAppData;
    134          #else
    135            uartConfig.callBackFunc         = NULL;
    136          #endif
    137            */
    138            
    139            uartConfig.callBackFunc         = uartHandleCommand;
   \   000052   741B         MOV     A,#0x1b
   \   000054   12....       LCALL   ?XSTACK_DISP0_8
   \   000057   74..         MOV     A,#`??uartHandleCommand::?relay` & 0xff
   \   000059   F0           MOVX    @DPTR,A
   \   00005A   A3           INC     DPTR
   \   00005B   74..         MOV     A,#(`??uartHandleCommand::?relay` >> 8) & 0xff
   \   00005D   F0           MOVX    @DPTR,A
    140            
    141            /* Start UART */
    142          #if defined (MT_UART_DEFAULT_PORT)
    143            HalUARTOpen (MT_UART_DEFAULT_PORT, &uartConfig);
   \   00005E                ; Setup parameters for call to function HalUARTOpen
   \   00005E   AA..         MOV     R2,?XSP + 0
   \   000060   AB..         MOV     R3,?XSP + 1
   \   000062   7900         MOV     R1,#0x0
   \   000064   12....       LCALL   `??HalUARTOpen::?relay`; Banked call to: HalUARTOpen
    144          #else
    145            /* Silence IAR compiler warning */
    146            (void)uartConfig;
    147          #endif
    148          
    149            /* Initialize for ZApp */
    150          #if defined (ZAPP_P1) || defined (ZAPP_P2)
    151            /* Default max bytes that ZAPP can take */
    152            MT_UartMaxZAppBufLen  = 1;
    153            MT_UartZAppRxStatus   = MT_UART_ZAPP_RX_READY;
    154          #endif
    155          
    156          }
   \   000067   741D         MOV     A,#0x1d
   \   000069   12....       LCALL   ?DEALLOC_XSTACK8
   \   00006C                REQUIRE ?Subroutine0
   \   00006C                ; // Fall through to label ?Subroutine0

   \                                 In  segment BANKED_CODE, align 1, keep-with-next
   \                     ?Subroutine0:
   \   000000   D083         POP     DPH
   \   000002   D082         POP     DPL
   \   000004   02....       LJMP    ?BRET
    157          
    158          /***************************************************************************************************
    159           * @fn      MT_SerialRegisterTaskID
    160           *
    161           * @brief   This function registers the taskID of the application so it knows
    162           *          where to send the messages whent they come in.
    163           *
    164           * @param   void
    165           *
    166           * @return  void
    167           ***************************************************************************************************/

   \                                 In  segment BANKED_CODE, align 1, keep-with-next
    168          void MT_UartRegisterTaskID( byte taskID )
   \                     MT_UartRegisterTaskID:
    169          {
   \   000000   C082         PUSH    DPL
   \   000002   C083         PUSH    DPH
   \   000004                ; Saved register size: 2
   \   000004                ; Auto size: 0
    170            App_TaskID = taskID;
   \   000004   E9           MOV     A,R1
   \   000005   90....       MOV     DPTR,#App_TaskID
   \   000008   F0           MOVX    @DPTR,A
    171          }
   \   000009   80..         SJMP    ?Subroutine0
    172          

   \                                 In  segment BANKED_CODE, align 1, keep-with-next
    173          void uartHandleCommand( uint8 port, uint8 event ){
   \                     uartHandleCommand:
   \   000000                REQUIRE ?V0
   \   000000                REQUIRE ?V1
   \   000000                REQUIRE ?V2
   \   000000                REQUIRE ?V3
   \   000000                REQUIRE ?V4
   \   000000                REQUIRE ?V5
   \   000000                REQUIRE ?V6
   \   000000                REQUIRE ?V7
   \   000000                REQUIRE ?V8
   \   000000                REQUIRE ?V9
   \   000000                REQUIRE ?V10
   \   000000                REQUIRE ?V11
   \   000000   74EC         MOV     A,#-0x14
   \   000002   12....       LCALL   ?BANKED_ENTER_XDATA
   \   000005                ; Saved register size: 20
   \   000005                ; Auto size: 20
   \   000005   74EC         MOV     A,#-0x14
   \   000007   12....       LCALL   ?ALLOC_XSTACK8
   \   00000A   89..         MOV     ?V6,R1
   \   00000C   8A..         MOV     ?V7,R2
    174            uint8 *bufferInRx;
    175            uint8 argBuffer[20];
    176            int argcount = 0;
   \   00000E   75..00       MOV     ?V0,#0x0
   \   000011   75..00       MOV     ?V1,#0x0
    177            uint8 countArgByteInBufferRx = 0;
   \   000014   75..00       MOV     ?V2,#0x0
    178            uint16 countByteInRxBuffer = Hal_UART_RxBufLen(port);
   \   000017                ; Setup parameters for call to function Hal_UART_RxBufLen
   \   000017   12....       LCALL   `??Hal_UART_RxBufLen::?relay`; Banked call to: Hal_UART_RxBufLen
   \   00001A   8A..         MOV     ?V4,R2
   \   00001C   8B..         MOV     ?V5,R3
   \   00001E   AE..         MOV     R6,?V4
   \   000020   AF..         MOV     R7,?V5
    179            bufferInRx = osal_mem_alloc(countByteInRxBuffer);
   \   000022                ; Setup parameters for call to function osal_mem_alloc
   \   000022   12....       LCALL   `??osal_mem_alloc::?relay`; Banked call to: osal_mem_alloc
   \   000025   8A..         MOV     ?V8,R2
   \   000027   8B..         MOV     ?V9,R3
    180            HalUARTRead (port, bufferInRx, countByteInRxBuffer);
   \   000029                ; Setup parameters for call to function HalUARTRead
   \   000029   EE           MOV     A,R6
   \   00002A   FC           MOV     R4,A
   \   00002B   EF           MOV     A,R7
   \   00002C   FD           MOV     R5,A
   \   00002D   A9..         MOV     R1,?V6
   \   00002F   12....       LCALL   `??HalUARTRead::?relay`; Banked call to: HalUARTRead
    181            
    182            afStatus_t zdpCmdStatus;
    183            char test[30];
    184            
    185            
    186            
    187            //sprintf(bufferSize, "%d", countByteInRxBuffer);
    188            //_itoa(countByteInRxBuffer,bufferSize,10);
    189          //  uint8 i;
    190          //  for (i=0;*bufferInRx+i!='\r';i++)
    191          //  {
    192          //    
    193          //    //HalUARTWrite(MT_UART_DEFAULT_PORT, tempThis, strlen(tempThis));
    194          //    HalUARTWrite(port, bufferInRx+i, 1);
    195          //    //debug_str("rx was got somethings");
    196          //  }
    197          //  for(uint8 i = 0;i<countByteInRxBuffer;i++){
    198          //    HalUARTWrite(port, bufferInRx+i, 1);
    199          //  }
    200            
    201            switch(event) {
   \   000032   E5..         MOV     A,?V7
   \   000034   14           DEC     A
   \   000035   600A         JZ      ??uartHandleCommand_0
   \   000037   14           DEC     A
   \   000038   6007         JZ      ??uartHandleCommand_0
   \   00003A   24FE         ADD     A,#-0x2
   \   00003C   6003         JZ      $+5
   \   00003E   02....       LJMP    ??uartHandleCommand_1 & 0xFFFF
    202             case HAL_UART_RX_FULL:
    203             case HAL_UART_RX_ABOUT_FULL:
    204             case HAL_UART_RX_TIMEOUT:
    205               
    206              for(uint8 i = 0; i<countByteInRxBuffer; i++){
   \                     ??uartHandleCommand_0:
   \   000041   75..00       MOV     ?V3,#0x0
   \   000044   8015         SJMP    ??uartHandleCommand_2
    207                if(bufferInRx[i] != 0x0A) {
    208                 
    209                 if(bufferInRx[i] == ' '){
    210                   argBuffer[countArgByteInBufferRx] = '\0';
    211                   args[argcount] = osal_mem_alloc(countArgByteInBufferRx+1);
    212                   strcpy(args[argcount],argBuffer);
                                                ^
Warning[Pe167]: argument of type "uint8 *" is incompatible with parameter of
          type "char const *"
    213                   argcount++;
    214                   countArgByteInBufferRx = 0;
    215                 }else{
    216                   argBuffer[countArgByteInBufferRx] = bufferInRx[i];
    217                   countArgByteInBufferRx++;
    218                 }
    219                
    220               }
    221                else {
    222                  
    223                 argBuffer[countArgByteInBufferRx] = '\0';
    224                 args[argcount] = osal_mem_alloc(countArgByteInBufferRx+1);
    225                 strcpy(args[argcount],argBuffer);
                                              ^
Warning[Pe167]: argument of type "uint8 *" is incompatible with parameter of
          type "char const *"
    226                 argcount++;
    227                 countArgByteInBufferRx = 0;
    228                  
    229                
    230                  for(int k = 0;k < argcount;k++){
    231                     debug_str(args[k]);
                                      ^
Warning[Pe167]: argument of type "char *" is incompatible with parameter of
          type "uint8 *"

    afStatus_t zdpCmdStatus;
               ^
"H:\WRAT\Project\IotProject\Hardware\IoTGateway\Hardware\cc2530\SourceCode\Components\mt\MT_UART.c",182  Warning[Pe550]: 
          variable "zdpCmdStatus" was set but never used

    char test[30];
         ^
"H:\WRAT\Project\IotProject\Hardware\IoTGateway\Hardware\cc2530\SourceCode\Components\mt\MT_UART.c",183  Warning[Pe177]: 
          variable "test" was declared but never referenced
    232                   }
    233                  
    234                  
    235                  
    236                  if(!strcmp(args[0],"IEEEREQ")){
    237                    if(!strcmp(args[1],"0")){
    238                      zdpCmdStatus = ZDP_IEEEAddrReq( (uint16)atoi(args[2]), 0, 0, 0);
    239                    }else if(!strcmp(args[1],"1")){
    240                      ZDP_IEEEAddrReq( (uint16)atoi(args[2]), 1, (byte)atoi(args[3]), 0);
    241                    }else{
    242                      HalUARTWrite(MT_UART_DEFAULT_PORT, PROCESS_GW_UART_WRONGTYPE, strlen(PROCESS_GW_UART_WRONGTYPE));
   \                     ??uartHandleCommand_3:
   \   000046                ; Setup parameters for call to function HalUARTWrite
   \   000046   7C0C         MOV     R4,#0xc
   \   000048   7D00         MOV     R5,#0x0
   \   00004A   7A..         MOV     R2,#`?<Constant "CMDWRONGTYPE">` & 0xff
   \   00004C   7B..         MOV     R3,#(`?<Constant "CMDWRONGTYPE">` >> 8) & 0xff
   \   00004E   7900         MOV     R1,#0x0
   \   000050   12....       LCALL   `??HalUARTWrite::?relay`; Banked call to: HalUARTWrite
    243                    }
    244                    //sprintf(test,"zdpCmdStatus : %d",zdpCmdStatus);
    245                    //debug_str(test);
    246                    //debug_str(PROCESS_GW_UART_SUCESSS);
    247                  }
    248                  
    249                  
    250                  
    251                  //reset argcount
    252                  argcount = 0;
   \                     ??uartHandleCommand_4:
   \   000053   75..00       MOV     ?V0,#0x0
   \   000056   75..00       MOV     ?V1,#0x0
    253                  //free memory
    254                  for(int i = 0; i < argcount; i++){
   \                     ??uartHandleCommand_5:
   \   000059   05..         INC     ?V3
   \                     ??uartHandleCommand_2:
   \   00005B   C3           CLR     C
   \   00005C   E5..         MOV     A,?V3
   \   00005E   9E           SUBB    A,R6
   \   00005F   E4           CLR     A
   \   000060   9F           SUBB    A,R7
   \   000061   4003         JC      $+5
   \   000063   02....       LJMP    ??uartHandleCommand_6 & 0xFFFF
   \   000066   AC..         MOV     R4,?V2
   \   000068   EC           MOV     A,R4
   \   000069   2401         ADD     A,#0x1
   \   00006B   FA           MOV     R2,A
   \   00006C   E4           CLR     A
   \   00006D   3400         ADDC    A,#0x0
   \   00006F   FB           MOV     R3,A
   \   000070   A8..         MOV     R0,?V3
   \   000072   E5..         MOV     A,?V8
   \   000074   28           ADD     A,R0
   \   000075   F582         MOV     DPL,A
   \   000077   E4           CLR     A
   \   000078   35..         ADDC    A,?V9
   \   00007A   F583         MOV     DPH,A
   \   00007C   E0           MOVX    A,@DPTR
   \   00007D   F5..         MOV     ?V10,A
   \   00007F   A8..         MOV     R0,?V0
   \   000081   E8           MOV     A,R0
   \   000082   28           ADD     A,R0
   \   000083   F8           MOV     R0,A
   \   000084   E5..         MOV     A,?V1
   \   000086   33           RLC     A
   \   000087   F9           MOV     R1,A
   \   000088   74..         MOV     A,#args & 0xff
   \   00008A   28           ADD     A,R0
   \   00008B   F5..         MOV     ?V4,A
   \   00008D   74..         MOV     A,#(args >> 8) & 0xff
   \   00008F   39           ADDC    A,R1
   \   000090   F5..         MOV     ?V5,A
   \   000092   12....       LCALL   ?Subroutine6 & 0xFFFF
   \                     ??CrossCallReturnLabel_10:
   \   000095   740A         MOV     A,#0xa
   \   000097   65..         XRL     A,?V10
   \   000099   6028         JZ      ??uartHandleCommand_7
   \   00009B   7420         MOV     A,#0x20
   \   00009D   65..         XRL     A,?V10
   \   00009F   701B         JNZ     ??uartHandleCommand_8
   \   0000A1   12....       LCALL   ?Subroutine6 & 0xFFFF
   \                     ??CrossCallReturnLabel_11:
   \   0000A4   E4           CLR     A
   \   0000A5   F0           MOVX    @DPTR,A
   \   0000A6                ; Setup parameters for call to function osal_mem_alloc
   \   0000A6   12....       LCALL   `??osal_mem_alloc::?relay`; Banked call to: osal_mem_alloc
   \   0000A9   12....       LCALL   ?Subroutine3 & 0xFFFF
   \                     ??CrossCallReturnLabel_6:
   \   0000AC   12....       LCALL   `??strcpy::?relay`   ; Banked call to: strcpy
   \   0000AF   05..         INC     ?V0
   \   0000B1   E5..         MOV     A,?V0
   \   0000B3   7002         JNZ     ??uartHandleCommand_9
   \   0000B5   05..         INC     ?V1
   \                     ??uartHandleCommand_9:
   \   0000B7   75..00       MOV     ?V2,#0x0
   \   0000BA   809D         SJMP    ??uartHandleCommand_5
   \                     ??uartHandleCommand_8:
   \   0000BC   E5..         MOV     A,?V10
   \   0000BE   F0           MOVX    @DPTR,A
   \   0000BF   05..         INC     ?V2
   \   0000C1   8096         SJMP    ??uartHandleCommand_5
   \                     ??uartHandleCommand_7:
   \   0000C3   E4           CLR     A
   \   0000C4   F0           MOVX    @DPTR,A
   \   0000C5                ; Setup parameters for call to function osal_mem_alloc
   \   0000C5   12....       LCALL   `??osal_mem_alloc::?relay`; Banked call to: osal_mem_alloc
   \   0000C8   12....       LCALL   ?Subroutine3 & 0xFFFF
   \                     ??CrossCallReturnLabel_7:
   \   0000CB   12....       LCALL   `??strcpy::?relay`   ; Banked call to: strcpy
   \   0000CE   05..         INC     ?V0
   \   0000D0   E5..         MOV     A,?V0
   \   0000D2   7002         JNZ     ??uartHandleCommand_10
   \   0000D4   05..         INC     ?V1
   \                     ??uartHandleCommand_10:
   \   0000D6   75..00       MOV     ?V2,#0x0
   \   0000D9   75..00       MOV     ?V4,#0x0
   \   0000DC   75..00       MOV     ?V5,#0x0
   \   0000DF   8021         SJMP    ??uartHandleCommand_11
   \                     ??uartHandleCommand_12:
   \   0000E1                ; Setup parameters for call to function debug_str
   \   0000E1   A8..         MOV     R0,?V4
   \   0000E3   E8           MOV     A,R0
   \   0000E4   28           ADD     A,R0
   \   0000E5   F8           MOV     R0,A
   \   0000E6   E5..         MOV     A,?V5
   \   0000E8   33           RLC     A
   \   0000E9   F9           MOV     R1,A
   \   0000EA   74..         MOV     A,#args & 0xff
   \   0000EC   28           ADD     A,R0
   \   0000ED   F582         MOV     DPL,A
   \   0000EF   74..         MOV     A,#(args >> 8) & 0xff
   \   0000F1   39           ADDC    A,R1
   \   0000F2   F583         MOV     DPH,A
   \   0000F4   12....       LCALL   ??Subroutine10_0 & 0xFFFF
   \                     ??CrossCallReturnLabel_18:
   \   0000F7   12....       LCALL   `??debug_str::?relay`; Banked call to: debug_str
   \   0000FA   05..         INC     ?V4
   \   0000FC   E5..         MOV     A,?V4
   \   0000FE   7002         JNZ     ??uartHandleCommand_11
   \   000100   05..         INC     ?V5
   \                     ??uartHandleCommand_11:
   \   000102   C3           CLR     C
   \   000103   E5..         MOV     A,?V4
   \   000105   95..         SUBB    A,?V0
   \   000107   E5..         MOV     A,?V5
   \   000109   95..         SUBB    A,?V1
   \   00010B   A2D2         MOV     C,0xD0 /* PSW */.2
   \   00010D   65D0         XRL     A,PSW
   \   00010F   33           RLC     A
   \   000110   40CF         JC      ??uartHandleCommand_12
   \   000112                ; Setup parameters for call to function strcmp
   \   000112   7C..         MOV     R4,#`?<Constant "IEEEREQ">` & 0xff
   \   000114   7D..         MOV     R5,#(`?<Constant "IEEEREQ">` >> 8) & 0xff
   \   000116   90....       MOV     DPTR,#args
   \   000119   12....       LCALL   ??Subroutine10_0 & 0xFFFF
   \                     ??CrossCallReturnLabel_19:
   \   00011C   12....       LCALL   `??strcmp::?relay`   ; Banked call to: strcmp
   \   00011F   8B..         MOV     ?V1,R3
   \   000121   EA           MOV     A,R2
   \   000122   45..         ORL     A,?V1
   \   000124   6003         JZ      $+5
   \   000126   02....       LJMP    ??uartHandleCommand_4 & 0xFFFF
   \   000129   90....       MOV     DPTR,#args + 2
   \   00012C   E0           MOVX    A,@DPTR
   \   00012D   F5..         MOV     ?V0,A
   \   00012F   A3           INC     DPTR
   \   000130   E0           MOVX    A,@DPTR
   \   000131   F5..         MOV     ?V1,A
   \   000133                ; Setup parameters for call to function strcmp
   \   000133   7C..         MOV     R4,#`?<Constant "0">` & 0xff
   \   000135   7D..         MOV     R5,#(`?<Constant "0">` >> 8) & 0xff
   \   000137   AA..         MOV     R2,?V0
   \   000139   FB           MOV     R3,A
   \   00013A   12....       LCALL   `??strcmp::?relay`   ; Banked call to: strcmp
   \   00013D   8B..         MOV     ?V5,R3
   \   00013F   EA           MOV     A,R2
   \   000140   45..         ORL     A,?V5
   \   000142   7012         JNZ     ??uartHandleCommand_13
   \   000144                ; Setup parameters for call to function atoi
   \   000144   12....       LCALL   ?Subroutine5 & 0xFFFF
   \                     ??CrossCallReturnLabel_24:
   \   000147   12....       LCALL   `??atoi::?relay`     ; Banked call to: atoi
   \   00014A                ; Setup parameters for call to function ZDP_IEEEAddrReq
   \   00014A   7D00         MOV     R5,#0x0
   \   00014C   7C00         MOV     R4,#0x0
   \   00014E   7900         MOV     R1,#0x0
   \                     ??uartHandleCommand_14:
   \   000150   12....       LCALL   `??ZDP_IEEEAddrReq::?relay`; Banked call to: ZDP_IEEEAddrReq
   \   000153   02....       LJMP    ??uartHandleCommand_4 & 0xFFFF
   \                     ??uartHandleCommand_13:
   \   000156                ; Setup parameters for call to function strcmp
   \   000156   7C..         MOV     R4,#`?<Constant "1">` & 0xff
   \   000158   7D..         MOV     R5,#(`?<Constant "1">` >> 8) & 0xff
   \   00015A   AA..         MOV     R2,?V0
   \   00015C   AB..         MOV     R3,?V1
   \   00015E   12....       LCALL   `??strcmp::?relay`   ; Banked call to: strcmp
   \   000161   8B..         MOV     ?V1,R3
   \   000163   EA           MOV     A,R2
   \   000164   45..         ORL     A,?V1
   \   000166   6003         JZ      $+5
   \   000168   02....       LJMP    ??uartHandleCommand_3 & 0xFFFF
   \   00016B                ; Setup parameters for call to function atoi
   \   00016B   90....       MOV     DPTR,#args + 6
   \   00016E   12....       LCALL   ??Subroutine10_0 & 0xFFFF
    255                    osal_mem_free(args[i]);
    256                  }
    257                  
    258                }
    259              
    260            }
   \                     ??CrossCallReturnLabel_20:
   \   000171   12....       LCALL   `??atoi::?relay`     ; Banked call to: atoi
   \   000174   8A..         MOV     ?V0,R2
   \   000176                ; Setup parameters for call to function atoi
   \   000176   12....       LCALL   ?Subroutine5 & 0xFFFF
   \                     ??CrossCallReturnLabel_25:
   \   000179   12....       LCALL   `??atoi::?relay`     ; Banked call to: atoi
   \   00017C                ; Setup parameters for call to function ZDP_IEEEAddrReq
   \   00017C   7D00         MOV     R5,#0x0
   \   00017E   AC..         MOV     R4,?V0
   \   000180   7901         MOV     R1,#0x1
   \   000182   80CC         SJMP    ??uartHandleCommand_14
    261            
    262            //free memory
    263            osal_mem_free(bufferInRx);
   \                     ??uartHandleCommand_6:
   \   000184                ; Setup parameters for call to function osal_mem_free
   \   000184   AA..         MOV     R2,?V8
   \   000186   AB..         MOV     R3,?V9
   \   000188   12....       LCALL   `??osal_mem_free::?relay`; Banked call to: osal_mem_free
    264              
    265             /* for(uint8 i = 0;*(bufferInRx+i)!='\n';i++){
    266                HalUARTWrite(port, bufferInRx+i, 1);
    267                
    268                
    269                
    270                
    271              }*/
    272               
    273          //     if(*(bufferInRx+1)=='\r'){
    274          //      HalUARTWrite(port, bufferInRx+0, 1);
    275          //      }
    276          //      else{
    277          //        debug_str("in there");
    278          //      }
    279             break;
    280            }
    281          }
   \                     ??uartHandleCommand_1:
   \   00018B   7414         MOV     A,#0x14
   \   00018D   12....       LCALL   ?DEALLOC_XSTACK8
   \   000190   7F0C         MOV     R7,#0xc
   \   000192   02....       LJMP    ?BANKED_LEAVE_XDATA

   \                                 In  segment BANKED_CODE, align 1, keep-with-next
   \                     ?Subroutine6:
   \   000000   85..82       MOV     DPL,?XSP + 0
   \   000003   85..83       MOV     DPH,?XSP + 1
   \   000006   E582         MOV     A,DPL
   \   000008   2C           ADD     A,R4
   \   000009   F582         MOV     DPL,A
   \   00000B   E4           CLR     A
   \   00000C   3583         ADDC    A,DPH
   \   00000E   F583         MOV     DPH,A
   \   000010   22           RET

   \                                 In  segment BANKED_CODE, align 1, keep-with-next
   \                     ?Subroutine3:
   \   000000   85..82       MOV     DPL,?V4
   \   000003   85..83       MOV     DPH,?V5
   \   000006   EA           MOV     A,R2
   \   000007   F0           MOVX    @DPTR,A
   \   000008   A3           INC     DPTR
   \   000009   EB           MOV     A,R3
   \   00000A   F0           MOVX    @DPTR,A
   \   00000B                ; Setup parameters for call to function strcpy
   \   00000B                ; Setup parameters for call to function strcpy
   \   00000B   AC..         MOV     R4,?XSP + 0
   \   00000D   AD..         MOV     R5,?XSP + 1
   \   00000F   22           RET

   \                                 In  segment BANKED_CODE, align 1, keep-with-next
   \                     ?Subroutine5:
   \   000000   90....       MOV     DPTR,#args + 4
   \   000003                REQUIRE ??Subroutine10_0
   \   000003                ; // Fall through to label ??Subroutine10_0

   \                                 In  segment BANKED_CODE, align 1, keep-with-next
   \                     ??Subroutine10_0:
   \   000000   E0           MOVX    A,@DPTR
   \   000001   FA           MOV     R2,A
   \   000002   A3           INC     DPTR
   \   000003   E0           MOVX    A,@DPTR
   \   000004   FB           MOV     R3,A
   \   000005   22           RET
    282          
    283          
    284          
    285          
    286          
    287          /***************************************************************************************************
    288           * @fn      SPIMgr_CalcFCS
    289           *
    290           * @brief   Calculate the FCS of a message buffer by XOR'ing each byte.
    291           *          Remember to NOT include SOP and FCS fields, so start at the CMD field.
    292           *
    293           * @param   byte *msg_ptr - message pointer
    294           * @param   byte len - length (in bytes) of message
    295           *
    296           * @return  result byte
    297           ***************************************************************************************************/

   \                                 In  segment BANKED_CODE, align 1, keep-with-next
    298          byte MT_UartCalcFCS( uint8 *msg_ptr, uint8 len )
   \                     MT_UartCalcFCS:
    299          {
   \   000000   C082         PUSH    DPL
   \   000002   C083         PUSH    DPH
   \   000004                ; Saved register size: 2
   \   000004                ; Auto size: 0
   \   000004   E9           MOV     A,R1
   \   000005   FC           MOV     R4,A
    300            byte x;
    301            byte xorResult;
    302          
    303            xorResult = 0;
   \   000006   7900         MOV     R1,#0x0
    304          
    305            for ( x = 0; x < len; x++, msg_ptr++ )
   \   000008   7800         MOV     R0,#0x0
   \   00000A   800E         SJMP    ??MT_UartCalcFCS_0
    306              xorResult = xorResult ^ *msg_ptr;
   \                     ??MT_UartCalcFCS_1:
   \   00000C   8A82         MOV     DPL,R2
   \   00000E   8B83         MOV     DPH,R3
   \   000010   E0           MOVX    A,@DPTR
   \   000011   C9           XCH     A,R1
   \   000012   69           XRL     A,R1
   \   000013   F9           MOV     R1,A
   \   000014   08           INC     R0
   \   000015   A3           INC     DPTR
   \   000016   AA82         MOV     R2,DPL
   \   000018   AB83         MOV     R3,DPH
   \                     ??MT_UartCalcFCS_0:
   \   00001A   E8           MOV     A,R0
   \   00001B   C3           CLR     C
   \   00001C   9C           SUBB    A,R4
   \   00001D   40ED         JC      ??MT_UartCalcFCS_1
    307          
    308            return ( xorResult );
   \   00001F   02....       LJMP    ?Subroutine0 & 0xFFFF
    309          }
    310          
    311          
    312          /***************************************************************************************************
    313           * @fn      MT_UartProcessZToolData
    314           *
    315           * @brief   | SOP | Data Length  |   CMD   |   Data   |  FCS  |
    316           *          |  1  |     1        |    2    |  0-Len   |   1   |
    317           *
    318           *          Parses the data and determine either is SPI or just simply serial data
    319           *          then send the data to correct place (MT or APP)
    320           *
    321           * @param   port     - UART port
    322           *          event    - Event that causes the callback
    323           *
    324           *
    325           * @return  None
    326           ***************************************************************************************************/

   \                                 In  segment BANKED_CODE, align 1, keep-with-next
    327          void MT_UartProcessZToolData ( uint8 port, uint8 event )
   \                     MT_UartProcessZToolData:
    328          {
   \   000000                REQUIRE ?V0
   \   000000                REQUIRE ?V1
   \   000000   74F6         MOV     A,#-0xa
   \   000002   12....       LCALL   ?BANKED_ENTER_XDATA
   \   000005                ; Saved register size: 10
   \   000005                ; Auto size: 1
   \   000005   74FF         MOV     A,#-0x1
   \   000007   12....       LCALL   ?ALLOC_XSTACK8
   \   00000A   E9           MOV     A,R1
   \   00000B   FE           MOV     R6,A
    329            uint8  ch;
    330            uint8  bytesInRxBuffer;
    331            
    332            (void)event;  // Intentionally unreferenced parameter
   \   00000C   8029         SJMP    ??MT_UartProcessZToolData_0
    333          
    334            while (Hal_UART_RxBufLen(port))
    335            {
    336              HalUARTRead (port, &ch, 1);
    337          
    338              switch (state)
    339              {
    340                case SOP_STATE:
    341                  if (ch == MT_UART_SOF)
    342                    state = LEN_STATE;
    343                  break;
    344          
    345                case LEN_STATE:
    346                  LEN_Token = ch;
    347          
    348                  tempDataLen = 0;
    349          
    350                  /* Allocate memory for the data */
    351                  pMsg = (mtOSALSerialData_t *)osal_msg_allocate( sizeof ( mtOSALSerialData_t ) +
    352                                                                  MT_RPC_FRAME_HDR_SZ + LEN_Token );
    353          
    354                  if (pMsg)
    355                  {
    356                    /* Fill up what we can */
    357                    pMsg->hdr.event = CMD_SERIAL_MSG;
   \                     ??MT_UartProcessZToolData_1:
   \   00000E   E0           MOVX    A,@DPTR
   \   00000F   F583         MOV     DPH,A
   \   000011   8882         MOV     DPL,R0
   \   000013   7401         MOV     A,#0x1
   \   000015   F0           MOVX    @DPTR,A
    358                    pMsg->msg = (uint8*)(pMsg+1);
   \   000016   90....       MOV     DPTR,#pMsg
   \   000019   E0           MOVX    A,@DPTR
   \   00001A   2404         ADD     A,#0x4
   \   00001C   F8           MOV     R0,A
   \   00001D   A3           INC     DPTR
   \   00001E   E0           MOVX    A,@DPTR
   \   00001F   3400         ADDC    A,#0x0
   \   000021   F9           MOV     R1,A
   \   000022   12....       LCALL   ?Subroutine7 & 0xFFFF
   \                     ??CrossCallReturnLabel_12:
   \   000025   E8           MOV     A,R0
   \   000026   F0           MOVX    @DPTR,A
   \   000027   A3           INC     DPTR
   \   000028   E9           MOV     A,R1
   \   000029   12....       LCALL   ?Subroutine2 & 0xFFFF
    359                    pMsg->msg[MT_RPC_POS_LEN] = LEN_Token;
   \                     ??CrossCallReturnLabel_2:
   \   00002C   8882         MOV     DPL,R0
   \   00002E   8983         MOV     DPH,R1
   \   000030   F0           MOVX    @DPTR,A
    360                    state = CMD_STATE1;
   \   000031   90....       MOV     DPTR,#state
   \   000034   7401         MOV     A,#0x1
   \                     ??MT_UartProcessZToolData_2:
   \   000036   F0           MOVX    @DPTR,A
    361                  }
    362                  else
    363                  {
    364                    state = SOP_STATE;
    365                    return;
    366                  }
    367                  break;
   \                     ??MT_UartProcessZToolData_0:
   \   000037                ; Setup parameters for call to function Hal_UART_RxBufLen
   \   000037   EE           MOV     A,R6
   \   000038   F9           MOV     R1,A
   \   000039   12....       LCALL   `??Hal_UART_RxBufLen::?relay`; Banked call to: Hal_UART_RxBufLen
   \   00003C   8B..         MOV     ?V1,R3
   \   00003E   EA           MOV     A,R2
   \   00003F   45..         ORL     A,?V1
   \   000041   7003         JNZ     $+5
   \   000043   02....       LJMP    ??MT_UartProcessZToolData_3 & 0xFFFF
   \   000046                ; Setup parameters for call to function HalUARTRead
   \   000046   7C01         MOV     R4,#0x1
   \   000048   7D00         MOV     R5,#0x0
   \   00004A   AA..         MOV     R2,?XSP + 0
   \   00004C   AB..         MOV     R3,?XSP + 1
   \   00004E   EE           MOV     A,R6
   \   00004F   F9           MOV     R1,A
   \   000050   12....       LCALL   `??HalUARTRead::?relay`; Banked call to: HalUARTRead
   \   000053   90....       MOV     DPTR,#state
   \   000056   E0           MOVX    A,@DPTR
   \   000057   6017         JZ      ??MT_UartProcessZToolData_4
   \   000059   14           DEC     A
   \   00005A   6061         JZ      ??MT_UartProcessZToolData_5
   \   00005C   14           DEC     A
   \   00005D   6075         JZ      ??MT_UartProcessZToolData_6
   \   00005F   14           DEC     A
   \   000060   6020         JZ      ??MT_UartProcessZToolData_7
   \   000062   14           DEC     A
   \   000063   7003         JNZ     $+5
   \   000065   02....       LJMP    ??MT_UartProcessZToolData_8 & 0xFFFF
   \   000068   14           DEC     A
   \   000069   7003         JNZ     $+5
   \   00006B   02....       LJMP    ??MT_UartProcessZToolData_9 & 0xFFFF
   \   00006E   80C7         SJMP    ??MT_UartProcessZToolData_0
   \                     ??MT_UartProcessZToolData_4:
   \   000070   85..82       MOV     DPL,?XSP + 0
   \   000073   85..83       MOV     DPH,?XSP + 1
   \   000076   E0           MOVX    A,@DPTR
   \   000077   64FE         XRL     A,#0xfe
   \   000079   70BC         JNZ     ??MT_UartProcessZToolData_0
   \   00007B   90....       MOV     DPTR,#state
   \   00007E   7403         MOV     A,#0x3
   \   000080   80B4         SJMP    ??MT_UartProcessZToolData_2
   \                     ??MT_UartProcessZToolData_7:
   \   000082   85..82       MOV     DPL,?XSP + 0
   \   000085   85..83       MOV     DPH,?XSP + 1
   \   000088   E0           MOVX    A,@DPTR
   \   000089   90....       MOV     DPTR,#LEN_Token
   \   00008C   F0           MOVX    @DPTR,A
   \   00008D   90....       MOV     DPTR,#tempDataLen
   \   000090   E4           CLR     A
   \   000091   12....       LCALL   ?Subroutine2 & 0xFFFF
   \                     ??CrossCallReturnLabel_3:
   \   000094   2407         ADD     A,#0x7
   \   000096   FA           MOV     R2,A
   \   000097   E4           CLR     A
   \   000098   3400         ADDC    A,#0x0
   \   00009A   FB           MOV     R3,A
   \   00009B   12....       LCALL   `??osal_msg_allocate::?relay`; Banked call to: osal_msg_allocate
   \   00009E   90....       MOV     DPTR,#pMsg
   \   0000A1   EA           MOV     A,R2
   \   0000A2   F0           MOVX    @DPTR,A
   \   0000A3   A3           INC     DPTR
   \   0000A4   EB           MOV     A,R3
   \   0000A5   F0           MOVX    @DPTR,A
   \   0000A6   90....       MOV     DPTR,#pMsg
   \   0000A9   E0           MOVX    A,@DPTR
   \   0000AA   F8           MOV     R0,A
   \   0000AB   A3           INC     DPTR
   \   0000AC   E0           MOVX    A,@DPTR
   \   0000AD   F9           MOV     R1,A
   \   0000AE   E8           MOV     A,R0
   \   0000AF   49           ORL     A,R1
   \   0000B0   6003         JZ      $+5
   \   0000B2   02....       LJMP    ??MT_UartProcessZToolData_1 & 0xFFFF
   \   0000B5   90....       MOV     DPTR,#state
   \   0000B8   E4           CLR     A
   \   0000B9   F0           MOVX    @DPTR,A
   \   0000BA   02....       LJMP    ??MT_UartProcessZToolData_3 & 0xFFFF
    368          
    369                case CMD_STATE1:
    370                  pMsg->msg[MT_RPC_POS_CMD0] = ch;
   \                     ??MT_UartProcessZToolData_5:
   \   0000BD   85..82       MOV     DPL,?XSP + 0
   \   0000C0   85..83       MOV     DPH,?XSP + 1
   \   0000C3   E0           MOVX    A,@DPTR
   \   0000C4   C0E0         PUSH    A
   \   0000C6   12....       LCALL   ?Subroutine4 & 0xFFFF
   \                     ??CrossCallReturnLabel_8:
   \   0000C9   D0E0         POP     A
   \   0000CB   F0           MOVX    @DPTR,A
    371                  state = CMD_STATE2;
   \   0000CC   90....       MOV     DPTR,#state
   \   0000CF   7402         MOV     A,#0x2
   \   0000D1   02....       LJMP    ??MT_UartProcessZToolData_2 & 0xFFFF
    372                  break;
    373          
    374                case CMD_STATE2:
    375                  pMsg->msg[MT_RPC_POS_CMD1] = ch;
   \                     ??MT_UartProcessZToolData_6:
   \   0000D4   85..82       MOV     DPL,?XSP + 0
   \   0000D7   85..83       MOV     DPH,?XSP + 1
   \   0000DA   E0           MOVX    A,@DPTR
   \   0000DB   C0E0         PUSH    A
   \   0000DD   12....       LCALL   ?Subroutine4 & 0xFFFF
   \                     ??CrossCallReturnLabel_9:
   \   0000E0   A3           INC     DPTR
   \   0000E1   D0E0         POP     A
   \   0000E3   12....       LCALL   ?Subroutine2 & 0xFFFF
    376                  /* If there is no data, skip to FCS state */
    377                  if (LEN_Token)
   \                     ??CrossCallReturnLabel_4:
   \   0000E6   606D         JZ      ??MT_UartProcessZToolData_10
    378                  {
    379                    state = DATA_STATE;
   \   0000E8   90....       MOV     DPTR,#state
   \   0000EB   7404         MOV     A,#0x4
   \   0000ED   02....       LJMP    ??MT_UartProcessZToolData_2 & 0xFFFF
    380                  }
    381                  else
    382                  {
    383                    state = FCS_STATE;
    384                  }
    385                  break;
    386          
    387                case DATA_STATE:
    388          
    389                  /* Fill in the buffer the first byte of the data */
    390                  pMsg->msg[MT_RPC_FRAME_HDR_SZ + tempDataLen++] = ch;
   \                     ??MT_UartProcessZToolData_8:
   \   0000F0   85..82       MOV     DPL,?XSP + 0
   \   0000F3   85..83       MOV     DPH,?XSP + 1
   \   0000F6   E0           MOVX    A,@DPTR
   \   0000F7   C0E0         PUSH    A
   \   0000F9   12....       LCALL   ?Subroutine1 & 0xFFFF
   \                     ??CrossCallReturnLabel_0:
   \   0000FC   D0E0         POP     A
   \   0000FE   F0           MOVX    @DPTR,A
   \   0000FF   90....       MOV     DPTR,#tempDataLen
   \   000102   E0           MOVX    A,@DPTR
   \   000103   04           INC     A
   \   000104   F0           MOVX    @DPTR,A
    391          
    392                  /* Check number of bytes left in the Rx buffer */
    393                  bytesInRxBuffer = Hal_UART_RxBufLen(port);
   \   000105                ; Setup parameters for call to function Hal_UART_RxBufLen
   \   000105   EE           MOV     A,R6
   \   000106   F9           MOV     R1,A
   \   000107   12....       LCALL   `??Hal_UART_RxBufLen::?relay`; Banked call to: Hal_UART_RxBufLen
   \   00010A   EA           MOV     A,R2
   \   00010B   FF           MOV     R7,A
    394          
    395                  /* If the remain of the data is there, read them all, otherwise, just read enough */
    396                  if (bytesInRxBuffer <= LEN_Token - tempDataLen)
   \   00010C   12....       LCALL   ?Subroutine1 & 0xFFFF
   \                     ??CrossCallReturnLabel_1:
   \   00010F   AA82         MOV     R2,DPL
   \   000111   AB83         MOV     R3,DPH
   \   000113   90....       MOV     DPTR,#LEN_Token
   \   000116   E0           MOVX    A,@DPTR
   \   000117   C3           CLR     C
   \   000118   98           SUBB    A,R0
   \   000119   FC           MOV     R4,A
   \   00011A   95E0         SUBB    A,0xE0 /* A   */
   \   00011C   FD           MOV     R5,A
   \   00011D   EF           MOV     A,R7
   \   00011E   F8           MOV     R0,A
   \   00011F   C3           CLR     C
   \   000120   EC           MOV     A,R4
   \   000121   98           SUBB    A,R0
   \   000122   ED           MOV     A,R5
   \   000123   9400         SUBB    A,#0x0
   \   000125   A2D2         MOV     C,0xD0 /* PSW */.2
   \   000127   65D0         XRL     A,PSW
   \   000129   33           RLC     A
   \   00012A   4010         JC      ??MT_UartProcessZToolData_11
    397                  {
    398                    HalUARTRead (port, &pMsg->msg[MT_RPC_FRAME_HDR_SZ + tempDataLen], bytesInRxBuffer);
   \   00012C                ; Setup parameters for call to function HalUARTRead
   \   00012C   EF           MOV     A,R7
   \   00012D   FC           MOV     R4,A
   \   00012E   7D00         MOV     R5,#0x0
   \   000130   EE           MOV     A,R6
   \   000131   F9           MOV     R1,A
   \   000132   12....       LCALL   `??HalUARTRead::?relay`; Banked call to: HalUARTRead
    399                    tempDataLen += bytesInRxBuffer;
   \   000135   90....       MOV     DPTR,#tempDataLen
   \   000138   E0           MOVX    A,@DPTR
   \   000139   2F           ADD     A,R7
   \   00013A   800C         SJMP    ??MT_UartProcessZToolData_12
    400                  }
    401                  else
    402                  {
    403                    HalUARTRead (port, &pMsg->msg[MT_RPC_FRAME_HDR_SZ + tempDataLen], LEN_Token - tempDataLen);
   \                     ??MT_UartProcessZToolData_11:
   \   00013C                ; Setup parameters for call to function HalUARTRead
   \   00013C   EE           MOV     A,R6
   \   00013D   F9           MOV     R1,A
   \   00013E   12....       LCALL   `??HalUARTRead::?relay`; Banked call to: HalUARTRead
    404                    tempDataLen += (LEN_Token - tempDataLen);
   \   000141   90....       MOV     DPTR,#LEN_Token
   \   000144   E0           MOVX    A,@DPTR
   \   000145   90....       MOV     DPTR,#tempDataLen
   \                     ??MT_UartProcessZToolData_12:
   \   000148   F0           MOVX    @DPTR,A
    405                  }
    406          
    407                  /* If number of bytes read is equal to data length, time to move on to FCS */
    408                  if ( tempDataLen == LEN_Token )
   \   000149   E0           MOVX    A,@DPTR
   \   00014A   F8           MOV     R0,A
   \   00014B   90....       MOV     DPTR,#LEN_Token
   \   00014E   E0           MOVX    A,@DPTR
   \   00014F   68           XRL     A,R0
   \   000150   6003         JZ      $+5
   \   000152   02....       LJMP    ??MT_UartProcessZToolData_0 & 0xFFFF
    409                      state = FCS_STATE;
   \                     ??MT_UartProcessZToolData_10:
   \   000155   90....       MOV     DPTR,#state
   \   000158   7405         MOV     A,#0x5
   \   00015A   02....       LJMP    ??MT_UartProcessZToolData_2 & 0xFFFF
    410          
    411                  break;
    412          
    413                case FCS_STATE:
    414          
    415                  FSC_Token = ch;
   \                     ??MT_UartProcessZToolData_9:
   \   00015D   85..82       MOV     DPL,?XSP + 0
   \   000160   85..83       MOV     DPH,?XSP + 1
   \   000163   E0           MOVX    A,@DPTR
   \   000164   90....       MOV     DPTR,#FSC_Token
   \   000167   12....       LCALL   ?Subroutine2 & 0xFFFF
    416          
    417                  /* Make sure it's correct */
    418                  if ((MT_UartCalcFCS ((uint8*)&pMsg->msg[0], MT_RPC_FRAME_HDR_SZ + LEN_Token) == FSC_Token))
   \                     ??CrossCallReturnLabel_5:
   \   00016A   2403         ADD     A,#0x3
   \   00016C   F9           MOV     R1,A
   \   00016D   12....       LCALL   ?Subroutine8 & 0xFFFF
   \                     ??CrossCallReturnLabel_14:
   \   000170   12....       LCALL   ??Subroutine10_0 & 0xFFFF
   \                     ??CrossCallReturnLabel_21:
   \   000173   12....       LCALL   `??MT_UartCalcFCS::?relay`; Banked call to: MT_UartCalcFCS
   \   000176   E9           MOV     A,R1
   \   000177   F8           MOV     R0,A
   \   000178   90....       MOV     DPTR,#FSC_Token
   \   00017B   E0           MOVX    A,@DPTR
   \   00017C   68           XRL     A,R0
   \   00017D   90....       MOV     DPTR,#pMsg
   \   000180   700D         JNZ     ??MT_UartProcessZToolData_13
    419                  {
    420                    osal_msg_send( App_TaskID, (byte *)pMsg );
   \   000182                ; Setup parameters for call to function osal_msg_send
   \   000182   12....       LCALL   ??Subroutine10_0 & 0xFFFF
    421                  }
   \                     ??CrossCallReturnLabel_22:
   \   000185   90....       MOV     DPTR,#App_TaskID
   \   000188   E0           MOVX    A,@DPTR
   \   000189   F9           MOV     R1,A
   \   00018A   12....       LCALL   `??osal_msg_send::?relay`; Banked call to: osal_msg_send
   \   00018D   8006         SJMP    ??MT_UartProcessZToolData_14
    422                  else
    423                  {
    424                    /* deallocate the msg */
    425                    osal_msg_deallocate ( (uint8 *)pMsg );
   \                     ??MT_UartProcessZToolData_13:
   \   00018F                ; Setup parameters for call to function osal_msg_deallocate
   \   00018F   12....       LCALL   ??Subroutine10_0 & 0xFFFF
    426                  }
   \                     ??CrossCallReturnLabel_23:
   \   000192   12....       LCALL   `??osal_msg_deallocate::?relay`; Banked call to: osal_msg_deallocate
    427          
    428                  /* Reset the state, send or discard the buffers at this point */
    429                  state = SOP_STATE;
   \                     ??MT_UartProcessZToolData_14:
   \   000195   90....       MOV     DPTR,#state
   \   000198   E4           CLR     A
   \   000199   02....       LJMP    ??MT_UartProcessZToolData_2 & 0xFFFF
    430          
    431                  break;
    432          
    433                default:
    434                 break;
    435              }
    436            }
    437          }
   \                     ??MT_UartProcessZToolData_3:
   \   00019C   7401         MOV     A,#0x1
   \   00019E   12....       LCALL   ?DEALLOC_XSTACK8
   \   0001A1   7F02         MOV     R7,#0x2
   \   0001A3   02....       LJMP    ?BANKED_LEAVE_XDATA

   \                                 In  segment BANKED_CODE, align 1, keep-with-next
   \                     ?Subroutine4:
   \   000000   12....       LCALL   ?Subroutine8 & 0xFFFF
   \                     ??CrossCallReturnLabel_15:
   \   000003   12....       LCALL   ?Subroutine9 & 0xFFFF
   \                     ??CrossCallReturnLabel_16:
   \   000006   22           RET

   \                                 In  segment BANKED_CODE, align 1, keep-with-next
   \                     ?Subroutine9:
   \   000000   E0           MOVX    A,@DPTR
   \   000001   F8           MOV     R0,A
   \   000002   A3           INC     DPTR
   \   000003   E0           MOVX    A,@DPTR
   \   000004   F583         MOV     DPH,A
   \   000006   8882         MOV     DPL,R0
   \   000008   A3           INC     DPTR
   \   000009   22           RET

   \                                 In  segment BANKED_CODE, align 1, keep-with-next
   \                     ?Subroutine8:
   \   000000   90....       MOV     DPTR,#pMsg
   \   000003   12....       LCALL   ?Subroutine9 & 0xFFFF
   \                     ??CrossCallReturnLabel_17:
   \   000006   A3           INC     DPTR
   \   000007   22           RET

   \                                 In  segment BANKED_CODE, align 1, keep-with-next
   \                     ?Subroutine2:
   \   000000   F0           MOVX    @DPTR,A
   \   000001                ; Setup parameters for call to function osal_msg_allocate
   \   000001                ; Setup parameters for call to function MT_UartCalcFCS
   \   000001   90....       MOV     DPTR,#LEN_Token
   \   000004   E0           MOVX    A,@DPTR
   \   000005   22           RET

   \                                 In  segment BANKED_CODE, align 1, keep-with-next
   \                     ?Subroutine1:
   \   000000   90....       MOV     DPTR,#tempDataLen
   \   000003   E0           MOVX    A,@DPTR
   \   000004   F8           MOV     R0,A
   \   000005   12....       LCALL   ?Subroutine7 & 0xFFFF
   \                     ??CrossCallReturnLabel_13:
   \   000008   E0           MOVX    A,@DPTR
   \   000009   28           ADD     A,R0
   \   00000A   FA           MOV     R2,A
   \   00000B   A3           INC     DPTR
   \   00000C   E0           MOVX    A,@DPTR
   \   00000D   3400         ADDC    A,#0x0
   \   00000F   8A82         MOV     DPL,R2
   \   000011   F583         MOV     DPH,A
   \   000013   A3           INC     DPTR
   \   000014   A3           INC     DPTR
   \   000015   A3           INC     DPTR
   \   000016   22           RET

   \                                 In  segment BANKED_CODE, align 1, keep-with-next
   \                     ?Subroutine7:
   \   000000   90....       MOV     DPTR,#pMsg
   \   000003   E0           MOVX    A,@DPTR
   \   000004   FA           MOV     R2,A
   \   000005   A3           INC     DPTR
   \   000006   E0           MOVX    A,@DPTR
   \   000007   F583         MOV     DPH,A
   \   000009   8A82         MOV     DPL,R2
   \   00000B   A3           INC     DPTR
   \   00000C   A3           INC     DPTR
   \   00000D   22           RET

   \                                 In  segment BANK_RELAYS, align 1
   \                     `??MT_UartInit::?relay`:
   \   000000   12....       LCALL   ?BDISPATCH
   \   000003   ......       DC24    MT_UartInit

   \                                 In  segment BANK_RELAYS, align 1
   \                     `??MT_UartRegisterTaskID::?relay`:
   \   000000   12....       LCALL   ?BDISPATCH
   \   000003   ......       DC24    MT_UartRegisterTaskID

   \                                 In  segment BANK_RELAYS, align 1
   \                     `??uartHandleCommand::?relay`:
   \   000000   12....       LCALL   ?BDISPATCH
   \   000003   ......       DC24    uartHandleCommand

   \                                 In  segment BANK_RELAYS, align 1
   \                     `??MT_UartCalcFCS::?relay`:
   \   000000   12....       LCALL   ?BDISPATCH
   \   000003   ......       DC24    MT_UartCalcFCS

   \                                 In  segment BANK_RELAYS, align 1
   \                     `??MT_UartProcessZToolData::?relay`:
   \   000000   12....       LCALL   ?BDISPATCH
   \   000003   ......       DC24    MT_UartProcessZToolData

   \                                 In  segment XDATA_ROM_C, align 1
   \                     `?<Constant "IEEEREQ">`:
   \   000000   49454545     DB "IEEEREQ"
   \            52455100

   \                                 In  segment XDATA_ROM_C, align 1
   \                     `?<Constant "0">`:
   \   000000   3000         DB "0"

   \                                 In  segment XDATA_ROM_C, align 1
   \                     `?<Constant "1">`:
   \   000000   3100         DB "1"

   \                                 In  segment XDATA_ROM_C, align 1
   \                     `?<Constant "CMDWRONGTYPE">`:
   \   000000   434D4457     DB "CMDWRONGTYPE"
   \            524F4E47
   \            54595045
   \            00      
    438          
    439          #if defined (ZAPP_P1) || defined (ZAPP_P2)
    440          /***************************************************************************************************
    441           * @fn      MT_UartProcessZAppData
    442           *
    443           * @brief   | SOP | CMD  |   Data Length   | FSC  |
    444           *          |  1  |  2   |       1         |  1   |
    445           *
    446           *          Parses the data and determine either is SPI or just simply serial data
    447           *          then send the data to correct place (MT or APP)
    448           *
    449           * @param   port    - UART port
    450           *          event   - Event that causes the callback
    451           *
    452           *
    453           * @return  None
    454           ***************************************************************************************************/
    455          void MT_UartProcessZAppData ( uint8 port, uint8 event )
    456          {
    457          
    458            osal_event_hdr_t  *msg_ptr;
    459            uint16 length = 0;
    460            uint16 rxBufLen  = Hal_UART_RxBufLen(MT_UART_DEFAULT_PORT);
    461          
    462            /*
    463               If maxZAppBufferLength is 0 or larger than current length
    464               the entire length of the current buffer is returned.
    465            */
    466            if ((MT_UartMaxZAppBufLen != 0) && (MT_UartMaxZAppBufLen <= rxBufLen))
    467            {
    468              length = MT_UartMaxZAppBufLen;
    469            }
    470            else
    471            {
    472              length = rxBufLen;
    473            }
    474          
    475            /* Verify events */
    476            if (event == HAL_UART_TX_FULL)
    477            {
    478              // Do something when TX if full
    479              return;
    480            }
    481          
    482            if (event & ( HAL_UART_RX_FULL | HAL_UART_RX_ABOUT_FULL | HAL_UART_RX_TIMEOUT))
    483            {
    484              if ( App_TaskID )
    485              {
    486                /*
    487                   If Application is ready to receive and there is something
    488                   in the Rx buffer then send it up
    489                */
    490                if ((MT_UartZAppRxStatus == MT_UART_ZAPP_RX_READY ) && (length != 0))
    491                {
    492                  /* Disable App flow control until it processes the current data */
    493                   MT_UartAppFlowControl (MT_UART_ZAPP_RX_NOT_READY);
    494          
    495                  /* 2 more bytes are added, 1 for CMD type, other for length */
    496                  msg_ptr = (osal_event_hdr_t *)osal_msg_allocate( length + sizeof(osal_event_hdr_t) );
    497                  if ( msg_ptr )
    498                  {
    499                    msg_ptr->event = SPI_INCOMING_ZAPP_DATA;
    500                    msg_ptr->status = length;
    501          
    502                    /* Read the data of Rx buffer */
    503                    HalUARTRead( MT_UART_DEFAULT_PORT, (uint8 *)(msg_ptr + 1), length );
    504          
    505                    /* Send the raw data to application...or where ever */
    506                    osal_msg_send( App_TaskID, (uint8 *)msg_ptr );
    507                  }
    508                }
    509              }
    510            }
    511          }
    512          
    513          /***************************************************************************************************
    514           * @fn      SPIMgr_ZAppBufferLengthRegister
    515           *
    516           * @brief
    517           *
    518           * @param   maxLen - Max Length that the application wants at a time
    519           *
    520           * @return  None
    521           *
    522           ***************************************************************************************************/
    523          void MT_UartZAppBufferLengthRegister ( uint16 maxLen )
    524          {
    525            /* If the maxLen is larger than the RX buff, something is not right */
    526            if (maxLen <= MT_UART_DEFAULT_MAX_RX_BUFF)
    527              MT_UartMaxZAppBufLen = maxLen;
    528            else
    529              MT_UartMaxZAppBufLen = 1; /* default is 1 byte */
    530          }
    531          
    532          /***************************************************************************************************
    533           * @fn      SPIMgr_AppFlowControl
    534           *
    535           * @brief
    536           *
    537           * @param   status - ready to send or not
    538           *
    539           * @return  None
    540           *
    541           ***************************************************************************************************/
    542          void MT_UartAppFlowControl ( bool status )
    543          {
    544          
    545            /* Make sure only update if needed */
    546            if (status != MT_UartZAppRxStatus )
    547            {
    548              MT_UartZAppRxStatus = status;
    549            }
    550          
    551            /* App is ready to read again, ProcessZAppData have to be triggered too */
    552            if (status == MT_UART_ZAPP_RX_READY)
    553            {
    554              MT_UartProcessZAppData (MT_UART_DEFAULT_PORT, HAL_UART_RX_TIMEOUT );
    555            }
    556          
    557          }
    558          
    559          #endif //ZAPP
    560          
    561          /***************************************************************************************************
    562          ***************************************************************************************************/

   Maximum stack usage in bytes:

   ISTACK XSTACK Function
   ------ ------ --------
      2     11   MT_UartCalcFCS
      2     29   MT_UartInit
        2     29   -> HalUARTOpen
      1     11   MT_UartProcessZToolData
        0     11   -> HalUARTRead
        0     11   -> Hal_UART_RxBufLen
        0     11   -> MT_UartCalcFCS
        0     11   -> osal_msg_allocate
        0     11   -> osal_msg_deallocate
        0     11   -> osal_msg_send
      2      0   MT_UartRegisterTaskID
      1     40   uartHandleCommand
        0     40   -> HalUARTRead
        0     40   -> HalUARTWrite
        0     40   -> Hal_UART_RxBufLen
        0     40   -> ZDP_IEEEAddrReq
        0     40   -> atoi
        0     40   -> debug_str
        0     40   -> osal_mem_alloc
        0     40   -> osal_mem_free
        0     40   -> strcmp
        0     40   -> strcpy


   Segment part sizes:

   Bytes  Function/Label
   -----  --------------
       2  ?<Constant "0">
       2  ?<Constant "1">
      13  ?<Constant "CMDWRONGTYPE">
       8  ?<Constant "IEEEREQ">
       6  ??Subroutine10_0
       7  ?Subroutine0
      23  ?Subroutine1
       6  ?Subroutine2
      16  ?Subroutine3
       7  ?Subroutine4
       3  ?Subroutine5
      17  ?Subroutine6
      14  ?Subroutine7
       8  ?Subroutine8
      10  ?Subroutine9
       1  App_TaskID
       2  CMD_Token
       1  FSC_Token
       1  LEN_Token
      34  MT_UartCalcFCS
       6  MT_UartCalcFCS::?relay
     108  MT_UartInit
       6  MT_UartInit::?relay
     422  MT_UartProcessZToolData
       6  MT_UartProcessZToolData::?relay
      11  MT_UartRegisterTaskID
       6  MT_UartRegisterTaskID::?relay
      20  args
       2  pMsg
       1  state
       1  tempDataLen
     405  uartHandleCommand
       6  uartHandleCommand::?relay

 
 1 097 bytes in segment BANKED_CODE
    30 bytes in segment BANK_RELAYS
    25 bytes in segment XDATA_ROM_C
    29 bytes in segment XDATA_Z
 
 1 127 bytes of CODE  memory
    25 bytes of CONST memory
    29 bytes of XDATA memory

Errors: none
Warnings: 5
